<?xml version="1.0" encoding="UTF-8"?>
<!-- Generated by org.testng.reporters.JUnitReportReporter -->
<testsuite hostname="DESKTOP-TG341QE" failures="0" tests="2" name="testRunners.TestNGRunner" time="15.745" errors="0" timestamp="2022-01-29T21:25:51 EST" skipped="0">
  <testcase classname="testRunners.TestNGRunner" name="runScenario" time="8.930"/>
  <system-out/>
  <testcase classname="testRunners.TestNGRunner" name="runScenario" time="6.815"/>
  <system-out/>
</testsuite> <!-- testRunners.TestNGRunner -->
