<?xml version="1.0" encoding="UTF-8"?>
<!-- Generated by org.testng.reporters.JUnitReportReporter -->
<testsuite hostname="DESKTOP-TG341QE" failures="0" tests="2" name="testRunners.TestNGRunner" time="24.598" errors="0" timestamp="2022-02-06T09:35:45 EST" skipped="0">
  <testcase classname="testRunners.TestNGRunner" name="runScenario" time="13.358"/>
  <system-out/>
  <testcase classname="testRunners.TestNGRunner" name="runScenario" time="11.240"/>
  <system-out/>
</testsuite> <!-- testRunners.TestNGRunner -->
